<?xml version="1.0" encoding="utf-8"?>
<coverage line-rate="0.54520620373634121" branch-rate="0" complexity="0" branches-covered="0" branches-valid="0" timestamp="1774003447" lines-covered="6187" lines-valid="11348" version="0">
  <sources>
    <source>C:</source>
  </sources>
  <packages>
    <package name="C:\Users\ashpynov\source\repos\ashpynov\AnyFSE\AnyFSE\build\Debug\AnyFSE.Settings.dll" line-rate="0.62969950141490361" branch-rate="0" complexity="0">
      <classes>
        <class name="AppSettings.cpp" filename="Users\ashpynov\source\repos\ashpynov\AnyFSE\AnyFSE\src\AppSettings\AppSettings.cpp" line-rate="0.8125" branch-rate="0" complexity="0">
          <methods/>
          <lines>
            <line number="37" hits="1"/>
            <line number="39" hits="1"/>
            <line number="40" hits="1"/>
            <line number="44" hits="1"/>
            <line number="45" hits="1"/>
            <line number="46" hits="1"/>
            <line number="48" hits="0"/>
            <line number="49" hits="0"/>
            <line number="50" hits="0"/>
            <line number="53" hits="1"/>
            <line number="54" hits="1"/>
            <line number="56" hits="1"/>
            <line number="57" hits="1"/>
            <line number="59" hits="1"/>
            <line number="60" hits="1"/>
            <line number="61" hits="1"/>
          </lines>
        </class>
        <class name="DetectLaunchers.cpp" filename="Users\ashpynov\source\repos\ashpynov\AnyFSE\AnyFSE\src\AppSettings\DetectLaunchers.cpp" line-rate="0.84276729559748431" branch-rate="0" complexity="0">
          <methods/>
          <lines>
            <line number="38" hits="1"/>
            <line number="39" hits="1"/>
            <line number="40" hits="1"/>
            <line number="45" hits="1"/>
            <line number="48" hits="1"/>
            <line number="54" hits="1"/>
            <line number="56" hits="1"/>
            <line number="59" hits="1"/>
            <line number="61" hits="1"/>
            <line number="63" hits="1"/>
            <line number="66" hits="1"/>
            <line number="67" hits="1"/>
            <line number="70" hits="0"/>
            <line number="71" hits="0"/>
            <line number="73" hits="1"/>
            <line number="76" hits="1"/>
            <line number="77" hits="1"/>
            <line number="81" hits="1"/>
            <line number="84" hits="1"/>
            <line number="85" hits="1"/>
            <line number="88" hits="1"/>
            <line number="91" hits="1"/>
            <line number="92" hits="1"/>
            <line number="95" hits="1"/>
            <line number="98" hits="0"/>
            <line number="99" hits="0"/>
            <line number="101" hits="0"/>
            <line number="102" hits="0"/>
            <line number="103" hits="0"/>
            <line number="105" hits="0"/>
            <line number="107" hits="0"/>
            <line number="108" hits="0"/>
            <line number="109" hits="0"/>
            <line number="112" hits="1"/>
            <line number="113" hits="1"/>
            <line number="116" hits="1"/>
            <line number="118" hits="0"/>
            <line number="120" hits="1"/>
            <line number="123" hits="1"/>
            <line number="124" hits="1"/>
            <line number="125" hits="1"/>
            <line number="126" hits="1"/>
            <line number="127" hits="1"/>
            <line number="128" hits="1"/>
            <line number="129" hits="1"/>
            <line number="132" hits="1"/>
            <line number="133" hits="1"/>
            <line number="134" hits="1"/>
            <line number="135" hits="1"/>
            <line number="136" hits="1"/>
            <line number="137" hits="1"/>
            <line number="138" hits="1"/>
            <line number="139" hits="1"/>
            <line number="140" hits="1"/>
            <line number="141" hits="1"/>
            <line number="142" hits="1"/>
            <line number="145" hits="1"/>
            <line number="147" hits="1"/>
            <line number="148" hits="1"/>
            <line number="150" hits="0"/>
            <line number="151" hits="0"/>
            <line number="153" hits="1"/>
            <line number="156" hits="1"/>
            <line number="157" hits="1"/>
            <line number="158" hits="1"/>
            <line number="160" hits="0"/>
            <line number="161" hits="0"/>
            <line number="163" hits="1"/>
            <line number="166" hits="1"/>
            <line number="167" hits="1"/>
            <line number="168" hits="1"/>
            <line number="170" hits="1"/>
            <line number="172" hits="1"/>
            <line number="175" hits="1"/>
            <line number="176" hits="1"/>
            <line number="177" hits="1"/>
            <line number="179" hits="1"/>
            <line number="181" hits="1"/>
            <line number="184" hits="1"/>
            <line number="185" hits="1"/>
            <line number="186" hits="1"/>
            <line number="188" hits="0"/>
            <line number="190" hits="1"/>
            <line number="193" hits="1"/>
            <line number="194" hits="1"/>
            <line number="195" hits="1"/>
            <line number="197" hits="1"/>
            <line number="199" hits="1"/>
            <line number="202" hits="1"/>
            <line number="205" hits="1"/>
            <line number="206" hits="1"/>
            <line number="208" hits="1"/>
            <line number="210" hits="1"/>
            <line number="213" hits="1"/>
            <line number="214" hits="1"/>
            <line number="215" hits="1"/>
            <line number="216" hits="1"/>
            <line number="218" hits="0"/>
            <line number="219" hits="0"/>
            <line number="220" hits="0"/>
            <line number="223" hits="1"/>
            <line number="225" hits="1"/>
            <line number="226" hits="1"/>
            <line number="227" hits="1"/>
            <line number="230" hits="1"/>
            <line number="231" hits="1"/>
            <line number="232" hits="1"/>
            <line number="234" hits="1"/>
            <line number="235" hits="1"/>
            <line number="238" hits="1"/>
            <line number="240" hits="0"/>
            <line number="243" hits="1"/>
            <line number="245" hits="1"/>
            <line number="247" hits="1"/>
            <line number="250" hits="1"/>
            <line number="252" hits="1"/>
            <line number="255" hits="1"/>
            <line number="262" hits="1"/>
            <line number="265" hits="1"/>
            <line number="266" hits="1"/>
            <line number="267" hits="1"/>
            <line number="270" hits="1"/>
            <line number="271" hits="1"/>
            <line number="272" hits="1"/>
            <line number="273" hits="1"/>
            <line number="274" hits="0"/>
            <line number="275" hits="0"/>
            <line number="276" hits="1"/>
            <line number="279" hits="1"/>
            <line number="280" hits="1"/>
            <line number="286" hits="1"/>
            <line number="288" hits="1"/>
            <line number="290" hits="1"/>
            <line number="291" hits="1"/>
            <line number="294" hits="1"/>
            <line number="296" hits="0"/>
            <line number="299" hits="1"/>
            <line number="301" hits="1"/>
            <line number="303" hits="1"/>
            <line number="306" hits="1"/>
            <line number="308" hits="1"/>
            <line number="312" hits="1"/>
            <line number="318" hits="1"/>
            <line number="321" hits="1"/>
            <line number="324" hits="1"/>
            <line number="327" hits="1"/>
            <line number="328" hits="1"/>
            <line number="330" hits="0"/>
            <line number="332" hits="1"/>
            <line number="333" hits="1"/>
            <line number="334" hits="1"/>
            <line number="337" hits="1"/>
            <line number="340" hits="1"/>
            <line number="341" hits="1"/>
            <line number="342" hits="1"/>
            <line number="343" hits="1"/>
            <line number="344" hits="1"/>
            <line number="346" hits="1"/>
            <line number="347" hits="1"/>
          </lines>
        </class>
        <class name="SettingsDialog.Update.cpp" filename="Users\ashpynov\source\repos\ashpynov\AnyFSE\AnyFSE\src\AppSettings\SettingsDialog.Update.cpp" line-rate="0.94565217391304346" branch-rate="0" complexity="0">
          <methods/>
          <lines>
            <line number="23" hits="1"/>
            <line number="26" hits="1"/>
            <line number="27" hits="1"/>
            <line number="28" hits="1"/>
            <line number="30" hits="1"/>
            <line number="36" hits="1"/>
            <line number="38" hits="1"/>
            <line number="42" hits="1"/>
            <line number="43" hits="1"/>
            <line number="45" hits="1"/>
            <line number="55" hits="1"/>
            <line number="56" hits="1"/>
            <line number="61" hits="1"/>
            <line number="62" hits="1"/>
            <line number="64" hits="1"/>
            <line number="65" hits="1"/>
            <line number="68" hits="1"/>
            <line number="71" hits="1"/>
            <line number="73" hits="1"/>
            <line number="75" hits="1"/>
            <line number="76" hits="1"/>
            <line number="77" hits="1"/>
            <line number="79" hits="1"/>
            <line number="80" hits="1"/>
            <line number="81" hits="1"/>
            <line number="83" hits="1"/>
            <line number="84" hits="1"/>
            <line number="87" hits="1"/>
            <line number="89" hits="1"/>
            <line number="90" hits="1"/>
            <line number="91" hits="1"/>
            <line number="97" hits="1"/>
            <line number="98" hits="1"/>
            <line number="100" hits="0"/>
            <line number="101" hits="0"/>
            <line number="102" hits="1"/>
            <line number="104" hits="1"/>
            <line number="105" hits="1"/>
            <line number="106" hits="1"/>
            <line number="107" hits="1"/>
            <line number="108" hits="1"/>
            <line number="109" hits="1"/>
            <line number="112" hits="1"/>
            <line number="113" hits="1"/>
            <line number="114" hits="1"/>
            <line number="116" hits="1"/>
            <line number="118" hits="1"/>
            <line number="120" hits="1"/>
            <line number="121" hits="1"/>
            <line number="122" hits="1"/>
            <line number="124" hits="1"/>
            <line number="127" hits="1"/>
            <line number="130" hits="1"/>
            <line number="134" hits="1"/>
            <line number="135" hits="1"/>
            <line number="137" hits="1"/>
            <line number="139" hits="1"/>
            <line number="140" hits="1"/>
            <line number="143" hits="1"/>
            <line number="146" hits="1"/>
            <line number="147" hits="1"/>
            <line number="149" hits="1"/>
            <line number="150" hits="1"/>
            <line number="153" hits="1"/>
            <line number="154" hits="1"/>
            <line number="155" hits="1"/>
            <line number="156" hits="1"/>
            <line number="159" hits="0"/>
            <line number="160" hits="0"/>
            <line number="161" hits="0"/>
            <line number="164" hits="1"/>
            <line number="165" hits="1"/>
            <line number="167" hits="1"/>
            <line number="169" hits="1"/>
            <line number="171" hits="1"/>
            <line number="172" hits="1"/>
            <line number="173" hits="1"/>
            <line number="176" hits="1"/>
            <line number="177" hits="1"/>
            <line number="180" hits="1"/>
            <line number="181" hits="1"/>
            <line number="182" hits="1"/>
            <line number="183" hits="1"/>
            <line number="186" hits="1"/>
            <line number="187" hits="1"/>
            <line number="189" hits="1"/>
            <line number="191" hits="1"/>
            <line number="194" hits="1"/>
            <line number="195" hits="1"/>
            <line number="197" hits="1"/>
            <line number="198" hits="1"/>
            <line number="200" hits="1"/>
          </lines>
        </class>
        <class name="SettingsDialog.cpp" filename="Users\ashpynov\source\repos\ashpynov\AnyFSE\AnyFSE\src\AppSettings\SettingsDialog.cpp" line-rate="0.80152671755725191" branch-rate="0" complexity="0">
          <methods/>
          <lines>
            <line number="48" hits="1"/>
            <line number="51" hits="1"/>
            <line number="53" hits="1"/>
            <line number="54" hits="1"/>
            <line number="55" hits="1"/>
            <line number="56" hits="1"/>
            <line number="57" hits="1"/>
            <line number="58" hits="1"/>
            <line number="59" hits="1"/>
            <line number="60" hits="1"/>
            <line number="62" hits="1"/>
            <line number="64" hits="1"/>
            <line number="65" hits="1"/>
            <line number="66" hits="1"/>
            <line number="68" hits="0"/>
            <line number="71" hits="1"/>
            <line number="72" hits="1"/>
            <line number="74" hits="0"/>
            <line number="77" hits="1"/>
            <line number="78" hits="1"/>
            <line number="79" hits="1"/>
            <line number="80" hits="1"/>
            <line number="81" hits="1"/>
            <line number="82" hits="1"/>
            <line number="83" hits="1"/>
            <line number="86" hits="1"/>
            <line number="87" hits="1"/>
            <line number="89" hits="1"/>
            <line number="90" hits="1"/>
            <line number="91" hits="1"/>
            <line number="93" hits="1"/>
            <line number="94" hits="1"/>
            <line number="95" hits="1"/>
            <line number="96" hits="1"/>
            <line number="97" hits="1"/>
            <line number="99" hits="0"/>
            <line number="101" hits="1"/>
            <line number="102" hits="1"/>
            <line number="105" hits="0"/>
            <line number="106" hits="0"/>
            <line number="107" hits="0"/>
            <line number="109" hits="0"/>
            <line number="110" hits="0"/>
            <line number="113" hits="0"/>
            <line number="114" hits="0"/>
            <line number="117" hits="0"/>
            <line number="118" hits="0"/>
            <line number="121" hits="1"/>
            <line number="122" hits="1"/>
            <line number="123" hits="1"/>
            <line number="125" hits="1"/>
            <line number="126" hits="1"/>
            <line number="129" hits="1"/>
            <line number="130" hits="1"/>
            <line number="131" hits="1"/>
            <line number="133" hits="1"/>
            <line number="135" hits="0"/>
            <line number="138" hits="1"/>
            <line number="140" hits="1"/>
            <line number="143" hits="1"/>
            <line number="144" hits="1"/>
            <line number="145" hits="1"/>
            <line number="149" hits="1"/>
            <line number="150" hits="1"/>
            <line number="152" hits="1"/>
            <line number="155" hits="1"/>
            <line number="156" hits="1"/>
            <line number="157" hits="1"/>
            <line number="158" hits="1"/>
            <line number="162" hits="1"/>
            <line number="165" hits="1"/>
            <line number="167" hits="1"/>
            <line number="170" hits="0"/>
            <line number="171" hits="1"/>
            <line number="175" hits="1"/>
            <line number="176" hits="1"/>
            <line number="181" hits="1"/>
            <line number="182" hits="1"/>
            <line number="183" hits="1"/>
            <line number="184" hits="1"/>
            <line number="185" hits="1"/>
            <line number="187" hits="1"/>
            <line number="190" hits="1"/>
            <line number="191" hits="1"/>
            <line number="198" hits="0"/>
            <line number="202" hits="0"/>
            <line number="204" hits="0"/>
            <line number="205" hits="0"/>
            <line number="206" hits="0"/>
            <line number="208" hits="0"/>
            <line number="209" hits="0"/>
            <line number="212" hits="0"/>
            <line number="214" hits="0"/>
            <line number="216" hits="0"/>
            <line number="220" hits="1"/>
            <line number="221" hits="1"/>
            <line number="222" hits="1"/>
            <line number="224" hits="1"/>
            <line number="228" hits="1"/>
            <line number="230" hits="1"/>
            <line number="231" hits="1"/>
            <line number="235" hits="1"/>
            <line number="236" hits="1"/>
            <line number="238" hits="0"/>
            <line number="239" hits="0"/>
            <line number="242" hits="1"/>
            <line number="243" hits="1"/>
            <line number="244" hits="1"/>
            <line number="245" hits="1"/>
            <line number="247" hits="1"/>
            <line number="249" hits="1"/>
            <line number="250" hits="1"/>
            <line number="253" hits="1"/>
            <line number="255" hits="1"/>
            <line number="256" hits="1"/>
            <line number="257" hits="1"/>
            <line number="259" hits="0"/>
            <line number="260" hits="0"/>
            <line number="261" hits="1"/>
            <line number="263" hits="1"/>
            <line number="264" hits="1"/>
            <line number="265" hits="1"/>
            <line number="267" hits="0"/>
            <line number="270" hits="1"/>
            <line number="273" hits="1"/>
            <line number="276" hits="1"/>
            <line number="277" hits="1"/>
            <line number="278" hits="1"/>
            <line number="281" hits="1"/>
            <line number="282" hits="1"/>
            <line number="283" hits="1"/>
            <line number="284" hits="1"/>
            <line number="286" hits="1"/>
            <line number="287" hits="1"/>
            <line number="288" hits="1"/>
            <line number="290" hits="1"/>
            <line number="293" hits="1"/>
            <line number="294" hits="1"/>
            <line number="297" hits="1"/>
            <line number="298" hits="1"/>
            <line number="300" hits="1"/>
            <line number="302" hits="1"/>
            <line number="306" hits="1"/>
            <line number="307" hits="1"/>
            <line number="308" hits="1"/>
            <line number="310" hits="1"/>
            <line number="314" hits="0"/>
            <line number="316" hits="0"/>
            <line number="319" hits="1"/>
            <line number="320" hits="1"/>
            <line number="323" hits="1"/>
            <line number="324" hits="1"/>
            <line number="327" hits="1"/>
            <line number="328" hits="1"/>
            <line number="330" hits="1"/>
            <line number="332" hits="1"/>
            <line number="333" hits="1"/>
            <line number="334" hits="1"/>
            <line number="335" hits="1"/>
            <line number="336" hits="1"/>
            <line number="338" hits="1"/>
            <line number="343" hits="1"/>
            <line number="347" hits="1"/>
            <line number="348" hits="1"/>
            <line number="349" hits="1"/>
            <line number="350" hits="1"/>
            <line number="351" hits="1"/>
            <line number="353" hits="1"/>
            <line number="354" hits="1"/>
            <line number="355" hits="1"/>
            <line number="357" hits="1"/>
            <line number="359" hits="1"/>
            <line number="360" hits="1"/>
            <line number="361" hits="1"/>
            <line number="363" hits="1"/>
            <line number="365" hits="1"/>
            <line number="372" hits="1"/>
            <line number="374" hits="1"/>
            <line number="376" hits="1"/>
            <line number="377" hits="1"/>
            <line number="378" hits="1"/>
            <line number="379" hits="1"/>
            <line number="380" hits="1"/>
            <line number="381" hits="1"/>
            <line number="383" hits="1"/>
            <line number="384" hits="1"/>
            <line number="385" hits="1"/>
            <line number="387" hits="1"/>
            <line number="388" hits="1"/>
            <line number="389" hits="1"/>
            <line number="390" hits="1"/>
            <line number="391" hits="1"/>
            <line number="392" hits="1"/>
            <line number="395" hits="1"/>
            <line number="396" hits="1"/>
            <line number="398" hits="1"/>
            <line number="401" hits="1"/>
            <line number="402" hits="1"/>
            <line number="403" hits="1"/>
            <line number="406" hits="0"/>
            <line number="407" hits="0"/>
            <line number="410" hits="0"/>
            <line number="413" hits="0"/>
            <line number="414" hits="0"/>
            <line number="415" hits="0"/>
            <line number="417" hits="0"/>
            <line number="418" hits="0"/>
            <line number="420" hits="0"/>
            <line number="421" hits="0"/>
            <line number="423" hits="0"/>
            <line number="426" hits="1"/>
            <line number="428" hits="1"/>
            <line number="429" hits="1"/>
            <line number="432" hits="1"/>
            <line number="433" hits="1"/>
            <line number="434" hits="1"/>
            <line number="435" hits="1"/>
            <line number="437" hits="1"/>
            <line number="440" hits="1"/>
            <line number="441" hits="1"/>
            <line number="442" hits="1"/>
            <line number="445" hits="0"/>
            <line number="447" hits="0"/>
            <line number="448" hits="0"/>
            <line number="449" hits="0"/>
            <line number="451" hits="0"/>
            <line number="454" hits="0"/>
            <line number="456" hits="0"/>
            <line number="458" hits="0"/>
            <line number="459" hits="0"/>
            <line number="460" hits="0"/>
            <line number="464" hits="1"/>
            <line number="465" hits="1"/>
            <line number="468" hits="1"/>
            <line number="469" hits="1"/>
            <line number="471" hits="1"/>
            <line number="473" hits="0"/>
            <line number="474" hits="0"/>
            <line number="477" hits="1"/>
            <line number="479" hits="1"/>
            <line number="480" hits="1"/>
            <line number="483" hits="1"/>
            <line number="484" hits="1"/>
            <line number="485" hits="1"/>
            <line number="486" hits="1"/>
            <line number="487" hits="1"/>
            <line number="488" hits="1"/>
            <line number="489" hits="1"/>
            <line number="495" hits="1"/>
            <line number="497" hits="1"/>
            <line number="498" hits="1"/>
            <line number="503" hits="1"/>
            <line number="511" hits="1"/>
            <line number="512" hits="1"/>
            <line number="514" hits="1"/>
            <line number="517" hits="1"/>
            <line number="518" hits="1"/>
            <line number="521" hits="1"/>
            <line number="522" hits="1"/>
            <line number="524" hits="1"/>
            <line number="526" hits="0"/>
            <line number="529" hits="1"/>
            <line number="532" hits="1"/>
            <line number="533" hits="1"/>
            <line number="534" hits="1"/>
            <line number="535" hits="1"/>
            <line number="537" hits="1"/>
            <line number="539" hits="1"/>
            <line number="540" hits="1"/>
            <line number="542" hits="1"/>
            <line number="543" hits="1"/>
            <line number="545" hits="1"/>
            <line number="547" hits="1"/>
            <line number="549" hits="1"/>
            <line number="551" hits="1"/>
            <line number="553" hits="1"/>
            <line number="555" hits="1"/>
            <line number="556" hits="1"/>
            <line number="558" hits="1"/>
            <line number="560" hits="1"/>
            <line number="561" hits="1"/>
            <line number="562" hits="1"/>
            <line number="563" hits="1"/>
            <line number="564" hits="1"/>
            <line number="565" hits="1"/>
            <line number="567" hits="1"/>
            <line number="569" hits="1"/>
            <line number="570" hits="1"/>
            <line number="571" hits="1"/>
            <line number="573" hits="1"/>
            <line number="574" hits="1"/>
            <line number="575" hits="1"/>
            <line number="577" hits="1"/>
            <line number="578" hits="1"/>
            <line number="581" hits="0"/>
            <line number="582" hits="0"/>
            <line number="583" hits="0"/>
            <line number="586" hits="0"/>
            <line number="587" hits="0"/>
            <line number="589" hits="0"/>
            <line number="590" hits="0"/>
            <line number="591" hits="0"/>
            <line number="593" hits="0"/>
            <line number="594" hits="0"/>
            <line number="597" hits="1"/>
            <line number="598" hits="1"/>
            <line number="600" hits="1"/>
            <line number="602" hits="1"/>
            <line number="604" hits="1"/>
            <line number="606" hits="1"/>
            <line number="607" hits="1"/>
            <line number="609" hits="1"/>
            <line number="612" hits="1"/>
            <line number="613" hits="1"/>
            <line number="617" hits="1"/>
            <line number="619" hits="1"/>
            <line number="620" hits="1"/>
            <line number="622" hits="1"/>
            <line number="624" hits="1"/>
            <line number="626" hits="1"/>
            <line number="627" hits="1"/>
            <line number="628" hits="1"/>
            <line number="629" hits="1"/>
            <line number="631" hits="1"/>
            <line number="634" hits="1"/>
            <line number="636" hits="1"/>
            <line number="637" hits="1"/>
            <line number="640" hits="0"/>
            <line number="641" hits="0"/>
            <line number="642" hits="0"/>
            <line number="645" hits="1"/>
            <line number="646" hits="1"/>
            <line number="649" hits="1"/>
            <line number="650" hits="1"/>
            <line number="652" hits="1"/>
            <line number="658" hits="1"/>
            <line number="660" hits="1"/>
            <line number="667" hits="1"/>
            <line number="669" hits="1"/>
            <line number="675" hits="1"/>
            <line number="677" hits="1"/>
            <line number="679" hits="1"/>
            <line number="690" hits="1"/>
            <line number="691" hits="1"/>
            <line number="694" hits="1"/>
            <line number="695" hits="1"/>
            <line number="703" hits="1"/>
            <line number="706" hits="1"/>
            <line number="707" hits="1"/>
            <line number="709" hits="1"/>
            <line number="717" hits="1"/>
            <line number="719" hits="1"/>
            <line number="727" hits="1"/>
            <line number="728" hits="1"/>
            <line number="731" hits="1"/>
            <line number="732" hits="1"/>
            <line number="733" hits="1"/>
            <line number="734" hits="1"/>
            <line number="736" hits="1"/>
            <line number="737" hits="1"/>
            <line number="739" hits="1"/>
            <line number="740" hits="1"/>
            <line number="741" hits="1"/>
            <line number="743" hits="1"/>
            <line number="744" hits="1"/>
            <line number="745" hits="1"/>
            <line number="748" hits="1"/>
            <line number="749" hits="1"/>
            <line number="750" hits="1"/>
            <line number="751" hits="1"/>
            <line number="754" hits="0"/>
            <line number="755" hits="0"/>
            <line number="756" hits="0"/>
            <line number="759" hits="0"/>
            <line number="760" hits="0"/>
            <line number="761" hits="0"/>
            <line number="762" hits="0"/>
            <line number="765" hits="1"/>
            <line number="766" hits="1"/>
            <line number="768" hits="1"/>
            <line number="771" hits="0"/>
            <line number="772" hits="0"/>
            <line number="773" hits="0"/>
            <line number="776" hits="1"/>
            <line number="777" hits="1"/>
            <line number="779" hits="1"/>
            <line number="780" hits="1"/>
            <line number="782" hits="1"/>
            <line number="783" hits="1"/>
            <line number="786" hits="1"/>
            <line number="787" hits="1"/>
            <line number="788" hits="1"/>
            <line number="789" hits="1"/>
          </lines>
        </class>
        <class name="SettingsDialog.hpp" filename="Users\ashpynov\source\repos\ashpynov\AnyFSE\AnyFSE\src\AppSettings\SettingsDialog.hpp" line-rate="1" branch-rate="0" complexity="0">
          <methods/>
          <lines>
            <line number="68" hits="1"/>
            <line number="95" hits="1"/>
            <line number="96" hits="1"/>
            <line number="97" hits="1"/>
            <line number="98" hits="1"/>
            <line number="99" hits="1"/>
            <line number="100" hits="1"/>
            <line number="101" hits="1"/>
            <line number="102" hits="1"/>
            <line number="103" hits="1"/>
            <line number="104" hits="1"/>
            <line number="107" hits="1"/>
            <line number="108" hits="1"/>
            <line number="109" hits="1"/>
            <line number="111" hits="1"/>
            <line number="112" hits="1"/>
            <line number="113" hits="1"/>
            <line number="114" hits="1"/>
            <line number="115" hits="1"/>
            <line number="117" hits="1"/>
            <line number="118" hits="1"/>
            <line number="121" hits="1"/>
            <line number="122" hits="1"/>
            <line number="124" hits="1"/>
            <line number="125" hits="1"/>
            <line number="126" hits="1"/>
            <line number="146" hits="1"/>
            <line number="147" hits="1"/>
            <line number="150" hits="1"/>
            <line number="151" hits="1"/>
            <line number="152" hits="1"/>
            <line number="153" hits="1"/>
            <line number="167" hits="1"/>
          </lines>
        </class>
        <class name="SettingsDialog.tpp" filename="Users\ashpynov\source\repos\ashpynov\AnyFSE\AnyFSE\src\AppSettings\SettingsDialog.tpp" line-rate="1" branch-rate="0" complexity="0">
          <methods/>
          <lines>
            <line number="37" hits="1"/>
            <line number="39" hits="1"/>
            <line number="40" hits="1"/>
            <line number="44" hits="1"/>
            <line number="52" hits="1"/>
            <line number="53" hits="1"/>
            <line number="54" hits="1"/>
            <line number="57" hits="1"/>
            <line number="58" hits="1"/>
            <line number="60" hits="1"/>
            <line number="63" hits="1"/>
            <line number="64" hits="1"/>
          </lines>
        </class>
        <class name="LauncherPage.cpp" filename="Users\ashpynov\source\repos\ashpynov\AnyFSE\AnyFSE\src\AppSettings\SettingsPages\LauncherPage.cpp" line-rate="0.85326086956521741" branch-rate="0" complexity="0">
          <methods/>
          <lines>
            <line number="13" hits="1"/>
            <line number="16" hits="1"/>
            <line number="17" hits="1"/>
            <line number="24" hits="1"/>
            <line number="26" hits="1"/>
            <line number="33" hits="1"/>
            <line number="35" hits="1"/>
            <line number="41" hits="1"/>
            <line number="47" hits="1"/>
            <line number="48" hits="1"/>
            <line number="49" hits="1"/>
            <line number="51" hits="1"/>
            <line number="53" hits="1"/>
            <line number="55" hits="1"/>
            <line number="57" hits="1"/>
            <line number="58" hits="1"/>
            <line number="59" hits="1"/>
            <line number="62" hits="1"/>
            <line number="65" hits="1"/>
            <line number="67" hits="1"/>
            <line number="73" hits="1"/>
            <line number="75" hits="1"/>
            <line number="81" hits="1"/>
            <line number="82" hits="1"/>
            <line number="83" hits="1"/>
            <line number="85" hits="1"/>
            <line number="91" hits="1"/>
            <line number="97" hits="1"/>
            <line number="103" hits="1"/>
            <line number="108" hits="1"/>
            <line number="109" hits="1"/>
            <line number="110" hits="1"/>
            <line number="112" hits="1"/>
            <line number="118" hits="1"/>
            <line number="124" hits="1"/>
            <line number="130" hits="1"/>
            <line number="138" hits="1"/>
            <line number="139" hits="1"/>
            <line number="141" hits="1"/>
            <line number="142" hits="1"/>
            <line number="143" hits="1"/>
            <line number="144" hits="1"/>
            <line number="145" hits="1"/>
            <line number="146" hits="1"/>
            <line number="147" hits="1"/>
            <line number="148" hits="1"/>
            <line number="151" hits="1"/>
            <line number="152" hits="1"/>
            <line number="153" hits="1"/>
            <line number="154" hits="1"/>
            <line number="155" hits="1"/>
            <line number="157" hits="1"/>
            <line number="158" hits="1"/>
            <line number="160" hits="1"/>
            <line number="166" hits="1"/>
            <line number="168" hits="1"/>
            <line number="169" hits="1"/>
            <line number="170" hits="1"/>
            <line number="171" hits="1"/>
            <line number="174" hits="1"/>
            <line number="175" hits="1"/>
            <line number="176" hits="1"/>
            <line number="177" hits="1"/>
            <line number="178" hits="1"/>
            <line number="179" hits="1"/>
            <line number="181" hits="1"/>
            <line number="183" hits="0"/>
            <line number="184" hits="0"/>
            <line number="185" hits="0"/>
            <line number="186" hits="1"/>
            <line number="188" hits="0"/>
            <line number="189" hits="0"/>
            <line number="190" hits="0"/>
            <line number="191" hits="0"/>
            <line number="194" hits="1"/>
            <line number="195" hits="1"/>
            <line number="196" hits="1"/>
            <line number="199" hits="1"/>
            <line number="201" hits="1"/>
            <line number="202" hits="1"/>
            <line number="203" hits="1"/>
            <line number="204" hits="1"/>
            <line number="205" hits="1"/>
            <line number="206" hits="1"/>
            <line number="207" hits="1"/>
            <line number="208" hits="1"/>
            <line number="209" hits="1"/>
            <line number="210" hits="1"/>
            <line number="211" hits="1"/>
            <line number="212" hits="1"/>
            <line number="216" hits="1"/>
            <line number="217" hits="1"/>
            <line number="218" hits="1"/>
            <line number="221" hits="1"/>
            <line number="223" hits="1"/>
            <line number="226" hits="1"/>
            <line number="227" hits="1"/>
            <line number="228" hits="1"/>
            <line number="229" hits="1"/>
            <line number="230" hits="1"/>
            <line number="231" hits="1"/>
            <line number="232" hits="1"/>
            <line number="234" hits="1"/>
            <line number="236" hits="0"/>
            <line number="238" hits="0"/>
            <line number="239" hits="0"/>
            <line number="240" hits="0"/>
            <line number="241" hits="0"/>
            <line number="242" hits="0"/>
            <line number="245" hits="1"/>
            <line number="248" hits="1"/>
            <line number="249" hits="1"/>
            <line number="250" hits="1"/>
            <line number="253" hits="1"/>
            <line number="254" hits="1"/>
            <line number="257" hits="0"/>
            <line number="258" hits="0"/>
            <line number="259" hits="0"/>
            <line number="260" hits="0"/>
            <line number="263" hits="1"/>
            <line number="264" hits="1"/>
            <line number="273" hits="1"/>
            <line number="274" hits="1"/>
            <line number="277" hits="1"/>
            <line number="278" hits="1"/>
            <line number="279" hits="1"/>
            <line number="282" hits="1"/>
            <line number="283" hits="1"/>
            <line number="285" hits="1"/>
            <line number="287" hits="1"/>
            <line number="288" hits="1"/>
            <line number="291" hits="1"/>
            <line number="293" hits="1"/>
            <line number="295" hits="1"/>
            <line number="296" hits="1"/>
            <line number="302" hits="1"/>
            <line number="303" hits="1"/>
            <line number="305" hits="1"/>
            <line number="307" hits="1"/>
            <line number="312" hits="1"/>
            <line number="314" hits="1"/>
            <line number="316" hits="0"/>
            <line number="317" hits="0"/>
            <line number="318" hits="0"/>
            <line number="319" hits="0"/>
            <line number="322" hits="1"/>
            <line number="326" hits="1"/>
            <line number="328" hits="1"/>
            <line number="329" hits="1"/>
            <line number="331" hits="1"/>
            <line number="334" hits="1"/>
            <line number="335" hits="1"/>
            <line number="336" hits="1"/>
            <line number="337" hits="1"/>
            <line number="338" hits="1"/>
            <line number="339" hits="1"/>
            <line number="342" hits="1"/>
            <line number="343" hits="1"/>
            <line number="345" hits="1"/>
            <line number="347" hits="1"/>
            <line number="348" hits="1"/>
            <line number="349" hits="1"/>
            <line number="350" hits="1"/>
            <line number="351" hits="1"/>
            <line number="352" hits="1"/>
            <line number="354" hits="1"/>
            <line number="356" hits="0"/>
            <line number="357" hits="0"/>
            <line number="358" hits="0"/>
            <line number="359" hits="0"/>
            <line number="360" hits="0"/>
            <line number="361" hits="0"/>
            <line number="363" hits="1"/>
            <line number="364" hits="1"/>
            <line number="367" hits="1"/>
            <line number="369" hits="1"/>
            <line number="370" hits="1"/>
            <line number="371" hits="1"/>
            <line number="372" hits="1"/>
            <line number="373" hits="1"/>
            <line number="374" hits="1"/>
            <line number="375" hits="1"/>
            <line number="377" hits="1"/>
            <line number="378" hits="1"/>
          </lines>
        </class>
        <class name="LauncherPage.hpp" filename="Users\ashpynov\source\repos\ashpynov\AnyFSE\AnyFSE\src\AppSettings\SettingsPages\LauncherPage.hpp" line-rate="1" branch-rate="0" complexity="0">
          <methods/>
          <lines>
            <line number="22" hits="1"/>
            <line number="23" hits="1"/>
            <line number="24" hits="1"/>
            <line number="25" hits="1"/>
            <line number="26" hits="1"/>
            <line number="27" hits="1"/>
            <line number="28" hits="1"/>
            <line number="29" hits="1"/>
            <line number="30" hits="1"/>
            <line number="31" hits="1"/>
            <line number="32" hits="1"/>
            <line number="33" hits="1"/>
            <line number="34" hits="1"/>
            <line number="35" hits="1"/>
            <line number="36" hits="1"/>
            <line number="37" hits="1"/>
            <line number="39" hits="1"/>
            <line number="48" hits="1"/>
            <line number="49" hits="1"/>
            <line number="50" hits="1"/>
            <line number="72" hits="1"/>
            <line number="73" hits="1"/>
          </lines>
        </class>
        <class name="SettingsPage.hpp" filename="Users\ashpynov\source\repos\ashpynov\AnyFSE\AnyFSE\src\AppSettings\SettingsPages\SettingsPage.hpp" line-rate="1" branch-rate="0" complexity="0">
          <methods/>
          <lines>
            <line number="16" hits="1"/>
          </lines>
        </class>
        <class name="SplashPage.cpp" filename="Users\ashpynov\source\repos\ashpynov\AnyFSE\AnyFSE\src\AppSettings\SettingsPages\SplashPage.cpp" line-rate="0.91935483870967738" branch-rate="0" complexity="0">
          <methods/>
          <lines>
            <line number="11" hits="1"/>
            <line number="13" hits="1"/>
            <line number="18" hits="1"/>
            <line number="19" hits="1"/>
            <line number="20" hits="1"/>
            <line number="22" hits="1"/>
            <line number="23" hits="1"/>
            <line number="29" hits="1"/>
            <line number="35" hits="1"/>
            <line number="41" hits="1"/>
            <line number="48" hits="1"/>
            <line number="54" hits="1"/>
            <line number="56" hits="1"/>
            <line number="62" hits="1"/>
            <line number="68" hits="1"/>
            <line number="74" hits="1"/>
            <line number="75" hits="1"/>
            <line number="77" hits="1"/>
            <line number="78" hits="1"/>
            <line number="80" hits="1"/>
            <line number="81" hits="1"/>
            <line number="82" hits="1"/>
            <line number="85" hits="1"/>
            <line number="86" hits="1"/>
            <line number="87" hits="1"/>
            <line number="89" hits="1"/>
            <line number="90" hits="1"/>
            <line number="92" hits="1"/>
            <line number="93" hits="1"/>
            <line number="94" hits="1"/>
            <line number="95" hits="1"/>
            <line number="96" hits="1"/>
            <line number="99" hits="1"/>
            <line number="100" hits="1"/>
            <line number="101" hits="1"/>
            <line number="103" hits="1"/>
            <line number="104" hits="1"/>
            <line number="106" hits="1"/>
            <line number="107" hits="1"/>
            <line number="108" hits="1"/>
            <line number="109" hits="1"/>
            <line number="110" hits="1"/>
            <line number="113" hits="0"/>
            <line number="114" hits="0"/>
            <line number="116" hits="0"/>
            <line number="117" hits="0"/>
            <line number="118" hits="0"/>
            <line number="121" hits="1"/>
            <line number="122" hits="1"/>
            <line number="123" hits="1"/>
            <line number="126" hits="1"/>
            <line number="127" hits="1"/>
            <line number="131" hits="1"/>
            <line number="132" hits="1"/>
            <line number="135" hits="1"/>
            <line number="136" hits="1"/>
            <line number="140" hits="1"/>
            <line number="141" hits="1"/>
            <line number="144" hits="1"/>
            <line number="145" hits="1"/>
            <line number="149" hits="1"/>
            <line number="150" hits="1"/>
          </lines>
        </class>
        <class name="SplashPage.hpp" filename="Users\ashpynov\source\repos\ashpynov\AnyFSE\AnyFSE\src\AppSettings\SettingsPages\SplashPage.hpp" line-rate="1" branch-rate="0" complexity="0">
          <methods/>
          <lines>
            <line number="18" hits="1"/>
            <line number="19" hits="1"/>
            <line number="20" hits="1"/>
            <line number="21" hits="1"/>
            <line number="22" hits="1"/>
            <line number="23" hits="1"/>
            <line number="24" hits="1"/>
            <line number="25" hits="1"/>
            <line number="26" hits="1"/>
            <line number="27" hits="1"/>
            <line number="28" hits="1"/>
            <line number="29" hits="1"/>
            <line number="31" hits="1"/>
            <line number="51" hits="1"/>
            <line number="52" hits="1"/>
            <line number="53" hits="1"/>
          </lines>
        </class>
        <class name="StartupEditDlg.cpp" filename="Users\ashpynov\source\repos\ashpynov\AnyFSE\AnyFSE\src\AppSettings\SettingsPages\StartupEditDlg.cpp" line-rate="0" branch-rate="0" complexity="0">
          <methods/>
          <lines>
            <line number="7" hits="0"/>
            <line number="8" hits="0"/>
            <line number="9" hits="0"/>
            <line number="10" hits="0"/>
            <line number="11" hits="0"/>
            <line number="14" hits="0"/>
            <line number="15" hits="0"/>
            <line number="16" hits="0"/>
            <line number="19" hits="0"/>
            <line number="20" hits="0"/>
            <line number="21" hits="0"/>
            <line number="23" hits="0"/>
            <line number="25" hits="0"/>
            <line number="26" hits="0"/>
            <line number="27" hits="0"/>
            <line number="28" hits="0"/>
            <line number="29" hits="0"/>
            <line number="30" hits="0"/>
            <line number="31" hits="0"/>
            <line number="33" hits="0"/>
            <line number="35" hits="0"/>
            <line number="36" hits="0"/>
            <line number="38" hits="0"/>
            <line number="41" hits="0"/>
            <line number="43" hits="0"/>
            <line number="44" hits="0"/>
            <line number="47" hits="0"/>
            <line number="48" hits="0"/>
            <line number="49" hits="0"/>
            <line number="50" hits="0"/>
            <line number="53" hits="0"/>
            <line number="55" hits="0"/>
            <line number="56" hits="0"/>
            <line number="57" hits="0"/>
            <line number="58" hits="0"/>
            <line number="60" hits="0"/>
            <line number="63" hits="0"/>
            <line number="64" hits="0"/>
            <line number="66" hits="0"/>
            <line number="67" hits="0"/>
            <line number="69" hits="0"/>
            <line number="71" hits="0"/>
            <line number="76" hits="0"/>
            <line number="82" hits="0"/>
            <line number="84" hits="0"/>
            <line number="87" hits="0"/>
            <line number="89" hits="0"/>
            <line number="90" hits="0"/>
            <line number="92" hits="0"/>
            <line number="97" hits="0"/>
            <line number="103" hits="0"/>
            <line number="104" hits="0"/>
            <line number="106" hits="0"/>
            <line number="108" hits="0"/>
            <line number="109" hits="0"/>
          </lines>
        </class>
        <class name="StartupEditDlg.hpp" filename="Users\ashpynov\source\repos\ashpynov\AnyFSE\AnyFSE\src\AppSettings\SettingsPages\StartupEditDlg.hpp" line-rate="0" branch-rate="0" complexity="0">
          <methods/>
          <lines>
            <line number="16" hits="0"/>
            <line number="17" hits="0"/>
            <line number="18" hits="0"/>
            <line number="19" hits="0"/>
            <line number="20" hits="0"/>
            <line number="21" hits="0"/>
            <line number="22" hits="0"/>
            <line number="23" hits="0"/>
            <line number="24" hits="0"/>
            <line number="25" hits="0"/>
            <line number="42" hits="0"/>
            <line number="43" hits="0"/>
            <line number="44" hits="0"/>
            <line number="45" hits="0"/>
            <line number="46" hits="0"/>
            <line number="47" hits="0"/>
            <line number="48" hits="0"/>
            <line number="49" hits="0"/>
            <line number="50" hits="0"/>
            <line number="51" hits="0"/>
            <line number="52" hits="0"/>
            <line number="53" hits="0"/>
            <line number="66" hits="0"/>
            <line number="67" hits="0"/>
            <line number="68" hits="0"/>
            <line number="69" hits="0"/>
          </lines>
        </class>
        <class name="StartupPage.cpp" filename="Users\ashpynov\source\repos\ashpynov\AnyFSE\AnyFSE\src\AppSettings\SettingsPages\StartupPage.cpp" line-rate="0" branch-rate="0" complexity="0">
          <methods/>
          <lines>
            <line number="11" hits="0"/>
            <line number="12" hits="0"/>
            <line number="17" hits="0"/>
            <line number="18" hits="0"/>
            <line number="19" hits="0"/>
            <line number="21" hits="0"/>
            <line number="22" hits="0"/>
            <line number="27" hits="0"/>
            <line number="28" hits="0"/>
            <line number="29" hits="0"/>
            <line number="31" hits="0"/>
            <line number="37" hits="0"/>
            <line number="39" hits="0"/>
            <line number="47" hits="0"/>
            <line number="48" hits="0"/>
            <line number="49" hits="0"/>
            <line number="50" hits="0"/>
            <line number="53" hits="0"/>
            <line number="54" hits="0"/>
            <line number="56" hits="0"/>
            <line number="57" hits="0"/>
            <line number="58" hits="0"/>
            <line number="61" hits="0"/>
            <line number="62" hits="0"/>
            <line number="64" hits="0"/>
            <line number="66" hits="0"/>
            <line number="68" hits="0"/>
            <line number="75" hits="0"/>
            <line number="76" hits="0"/>
            <line number="80" hits="0"/>
            <line number="81" hits="0"/>
            <line number="82" hits="0"/>
            <line number="85" hits="0"/>
            <line number="86" hits="0"/>
            <line number="87" hits="0"/>
            <line number="90" hits="0"/>
            <line number="91" hits="0"/>
            <line number="92" hits="0"/>
            <line number="93" hits="0"/>
            <line number="95" hits="0"/>
            <line number="103" hits="0"/>
            <line number="105" hits="0"/>
            <line number="108" hits="0"/>
            <line number="109" hits="0"/>
            <line number="112" hits="0"/>
            <line number="113" hits="0"/>
            <line number="115" hits="0"/>
            <line number="116" hits="0"/>
            <line number="119" hits="0"/>
            <line number="120" hits="0"/>
            <line number="123" hits="0"/>
            <line number="124" hits="0"/>
            <line number="127" hits="0"/>
            <line number="128" hits="0"/>
            <line number="131" hits="0"/>
            <line number="132" hits="0"/>
            <line number="133" hits="0"/>
            <line number="136" hits="0"/>
            <line number="137" hits="0"/>
            <line number="139" hits="0"/>
            <line number="141" hits="0"/>
            <line number="143" hits="0"/>
            <line number="146" hits="0"/>
            <line number="147" hits="0"/>
            <line number="148" hits="0"/>
            <line number="151" hits="0"/>
            <line number="152" hits="0"/>
            <line number="153" hits="0"/>
            <line number="154" hits="0"/>
            <line number="156" hits="0"/>
            <line number="157" hits="0"/>
            <line number="159" hits="0"/>
            <line number="162" hits="0"/>
            <line number="163" hits="0"/>
            <line number="165" hits="0"/>
            <line number="167" hits="0"/>
            <line number="168" hits="0"/>
            <line number="169" hits="0"/>
            <line number="170" hits="0"/>
            <line number="171" hits="0"/>
          </lines>
        </class>
        <class name="SupportPage.cpp" filename="Users\ashpynov\source\repos\ashpynov\AnyFSE\AnyFSE\src\AppSettings\SettingsPages\SupportPage.cpp" line-rate="1" branch-rate="0" complexity="0">
          <methods/>
          <lines>
            <line number="11" hits="1"/>
            <line number="12" hits="1"/>
            <line number="18" hits="1"/>
            <line number="23" hits="1"/>
            <line number="24" hits="1"/>
            <line number="26" hits="1"/>
            <line number="31" hits="1"/>
            <line number="34" hits="1"/>
            <line number="35" hits="1"/>
            <line number="36" hits="1"/>
            <line number="37" hits="1"/>
            <line number="39" hits="1"/>
            <line number="41" hits="1"/>
          </lines>
        </class>
        <class name="SupportPage.hpp" filename="Users\ashpynov\source\repos\ashpynov\AnyFSE\AnyFSE\src\AppSettings\SettingsPages\SupportPage.hpp" line-rate="1" branch-rate="0" complexity="0">
          <methods/>
          <lines>
            <line number="18" hits="1"/>
            <line number="19" hits="1"/>
            <line number="21" hits="1"/>
            <line number="23" hits="1"/>
            <line number="26" hits="1"/>
            <line number="27" hits="1"/>
          </lines>
        </class>
        <class name="TroubleshootPage.cpp" filename="Users\ashpynov\source\repos\ashpynov\AnyFSE\AnyFSE\src\AppSettings\SettingsPages\TroubleshootPage.cpp" line-rate="0.75" branch-rate="0" complexity="0">
          <methods/>
          <lines>
            <line number="13" hits="1"/>
            <line number="14" hits="1"/>
            <line number="19" hits="1"/>
            <line number="20" hits="1"/>
            <line number="21" hits="1"/>
            <line number="23" hits="1"/>
            <line number="24" hits="1"/>
            <line number="32" hits="1"/>
            <line number="34" hits="1"/>
            <line number="36" hits="1"/>
            <line number="37" hits="1"/>
            <line number="38" hits="1"/>
            <line number="39" hits="1"/>
            <line number="55" hits="1"/>
            <line number="58" hits="1"/>
            <line number="59" hits="1"/>
            <line number="60" hits="1"/>
            <line number="61" hits="1"/>
            <line number="62" hits="1"/>
            <line number="65" hits="1"/>
            <line number="66" hits="1"/>
            <line number="67" hits="1"/>
            <line number="68" hits="1"/>
            <line number="69" hits="1"/>
            <line number="72" hits="0"/>
            <line number="73" hits="0"/>
            <line number="74" hits="0"/>
            <line number="77" hits="0"/>
            <line number="78" hits="0"/>
            <line number="80" hits="0"/>
            <line number="81" hits="0"/>
            <line number="82" hits="0"/>
          </lines>
        </class>
        <class name="TroubleshootPage.hpp" filename="Users\ashpynov\source\repos\ashpynov\AnyFSE\AnyFSE\src\AppSettings\SettingsPages\TroubleshootPage.hpp" line-rate="1" branch-rate="0" complexity="0">
          <methods/>
          <lines>
            <line number="20" hits="1"/>
            <line number="21" hits="1"/>
            <line number="22" hits="1"/>
            <line number="23" hits="1"/>
            <line number="24" hits="1"/>
            <line number="25" hits="1"/>
            <line number="27" hits="1"/>
          </lines>
        </class>
        <class name="UpdatePage.cpp" filename="Users\ashpynov\source\repos\ashpynov\AnyFSE\AnyFSE\src\AppSettings\SettingsPages\UpdatePage.cpp" line-rate="1" branch-rate="0" complexity="0">
          <methods/>
          <lines>
            <line number="11" hits="1"/>
            <line number="13" hits="1"/>
            <line number="15" hits="1"/>
            <line number="20" hits="1"/>
            <line number="21" hits="1"/>
            <line number="22" hits="1"/>
            <line number="24" hits="1"/>
            <line number="26" hits="1"/>
            <line number="32" hits="1"/>
            <line number="34" hits="1"/>
            <line number="35" hits="1"/>
            <line number="36" hits="1"/>
            <line number="38" hits="1"/>
            <line number="39" hits="1"/>
            <line number="40" hits="1"/>
            <line number="41" hits="1"/>
            <line number="44" hits="1"/>
            <line number="50" hits="1"/>
            <line number="52" hits="1"/>
            <line number="58" hits="1"/>
            <line number="59" hits="1"/>
            <line number="62" hits="1"/>
            <line number="63" hits="1"/>
            <line number="64" hits="1"/>
            <line number="65" hits="1"/>
            <line number="66" hits="1"/>
            <line number="69" hits="1"/>
            <line number="70" hits="1"/>
            <line number="71" hits="1"/>
            <line number="72" hits="1"/>
            <line number="74" hits="1"/>
            <line number="77" hits="1"/>
            <line number="78" hits="1"/>
            <line number="79" hits="1"/>
            <line number="82" hits="1"/>
            <line number="83" hits="1"/>
            <line number="84" hits="1"/>
            <line number="86" hits="1"/>
            <line number="88" hits="1"/>
            <line number="91" hits="1"/>
            <line number="92" hits="1"/>
            <line number="93" hits="1"/>
            <line number="94" hits="1"/>
          </lines>
        </class>
        <class name="UpdatePage.hpp" filename="Users\ashpynov\source\repos\ashpynov\AnyFSE\AnyFSE\src\AppSettings\SettingsPages\UpdatePage.hpp" line-rate="1" branch-rate="0" complexity="0">
          <methods/>
          <lines>
            <line number="18" hits="1"/>
            <line number="19" hits="1"/>
            <line number="20" hits="1"/>
            <line number="21" hits="1"/>
            <line number="22" hits="1"/>
            <line number="23" hits="1"/>
            <line number="25" hits="1"/>
          </lines>
        </class>
        <class name="Config.Launchers.cpp" filename="Users\ashpynov\source\repos\ashpynov\AnyFSE\AnyFSE\src\Configuration\Config.Launchers.cpp" line-rate="0.6785714285714286" branch-rate="0" complexity="0">
          <methods/>
          <lines>
            <line number="30" hits="1"/>
            <line number="151" hits="1"/>
            <line number="154" hits="1"/>
            <line number="156" hits="1"/>
            <line number="158" hits="1"/>
            <line number="160" hits="1"/>
            <line number="161" hits="1"/>
            <line number="162" hits="1"/>
            <line number="165" hits="1"/>
            <line number="166" hits="1"/>
            <line number="168" hits="0"/>
            <line number="170" hits="1"/>
            <line number="172" hits="1"/>
            <line number="174" hits="1"/>
            <line number="176" hits="1"/>
            <line number="177" hits="1"/>
            <line number="179" hits="1"/>
            <line number="181" hits="1"/>
            <line number="182" hits="1"/>
            <line number="183" hits="0"/>
            <line number="185" hits="0"/>
            <line number="186" hits="0"/>
            <line number="187" hits="0"/>
            <line number="188" hits="0"/>
            <line number="189" hits="0"/>
            <line number="190" hits="0"/>
            <line number="192" hits="0"/>
            <line number="194" hits="1"/>
          </lines>
        </class>
        <class name="Config.cpp" filename="Users\ashpynov\source\repos\ashpynov\AnyFSE\AnyFSE\src\Configuration\Config.cpp" line-rate="0.74725274725274726" branch-rate="0" complexity="0">
          <methods/>
          <lines>
            <line number="38" hits="1"/>
            <line number="39" hits="1"/>
            <line number="40" hits="1"/>
            <line number="42" hits="1"/>
            <line number="43" hits="1"/>
            <line number="44" hits="1"/>
            <line number="45" hits="1"/>
            <line number="54" hits="0"/>
            <line number="57" hits="1"/>
            <line number="59" hits="1"/>
            <line number="65" hits="1"/>
            <line number="67" hits="1"/>
            <line number="74" hits="1"/>
            <line number="78" hits="1"/>
            <line number="79" hits="1"/>
            <line number="84" hits="1"/>
            <line number="85" hits="1"/>
            <line number="86" hits="1"/>
            <line number="89" hits="1"/>
            <line number="90" hits="1"/>
            <line number="91" hits="1"/>
            <line number="93" hits="1"/>
            <line number="96" hits="0"/>
            <line number="98" hits="0"/>
            <line number="99" hits="0"/>
            <line number="100" hits="0"/>
            <line number="102" hits="0"/>
            <line number="103" hits="0"/>
            <line number="106" hits="0"/>
            <line number="108" hits="0"/>
            <line number="110" hits="0"/>
            <line number="113" hits="0"/>
            <line number="114" hits="1"/>
            <line number="117" hits="1"/>
            <line number="118" hits="1"/>
            <line number="119" hits="1"/>
            <line number="123" hits="1"/>
            <line number="124" hits="1"/>
            <line number="125" hits="1"/>
            <line number="126" hits="0"/>
            <line number="128" hits="1"/>
            <line number="129" hits="1"/>
            <line number="132" hits="1"/>
            <line number="133" hits="1"/>
            <line number="135" hits="1"/>
            <line number="137" hits="1"/>
            <line number="139" hits="1"/>
            <line number="140" hits="1"/>
            <line number="141" hits="1"/>
            <line number="142" hits="1"/>
            <line number="143" hits="1"/>
            <line number="145" hits="1"/>
            <line number="146" hits="1"/>
            <line number="147" hits="1"/>
            <line number="148" hits="1"/>
            <line number="150" hits="1"/>
            <line number="151" hits="1"/>
            <line number="152" hits="1"/>
            <line number="153" hits="1"/>
            <line number="154" hits="1"/>
            <line number="155" hits="1"/>
            <line number="156" hits="1"/>
            <line number="158" hits="1"/>
            <line number="159" hits="1"/>
            <line number="160" hits="1"/>
            <line number="161" hits="1"/>
            <line number="162" hits="1"/>
            <line number="164" hits="1"/>
            <line number="167" hits="1"/>
            <line number="168" hits="1"/>
            <line number="169" hits="1"/>
            <line number="172" hits="1"/>
            <line number="173" hits="1"/>
            <line number="176" hits="1"/>
            <line number="178" hits="0"/>
            <line number="179" hits="0"/>
            <line number="182" hits="0"/>
            <line number="183" hits="0"/>
            <line number="184" hits="0"/>
            <line number="187" hits="0"/>
            <line number="188" hits="0"/>
            <line number="189" hits="0"/>
            <line number="190" hits="0"/>
            <line number="192" hits="1"/>
            <line number="193" hits="1"/>
            <line number="196" hits="1"/>
            <line number="197" hits="1"/>
            <line number="198" hits="1"/>
            <line number="201" hits="1"/>
            <line number="202" hits="1"/>
            <line number="204" hits="1"/>
            <line number="205" hits="1"/>
            <line number="206" hits="1"/>
            <line number="207" hits="1"/>
            <line number="210" hits="1"/>
            <line number="211" hits="1"/>
            <line number="212" hits="1"/>
            <line number="215" hits="1"/>
            <line number="216" hits="1"/>
            <line number="217" hits="1"/>
            <line number="218" hits="1"/>
            <line number="220" hits="1"/>
            <line number="221" hits="1"/>
            <line number="222" hits="1"/>
            <line number="223" hits="1"/>
            <line number="224" hits="1"/>
            <line number="226" hits="1"/>
            <line number="227" hits="1"/>
            <line number="228" hits="1"/>
            <line number="229" hits="1"/>
            <line number="231" hits="1"/>
            <line number="233" hits="1"/>
            <line number="234" hits="1"/>
            <line number="235" hits="1"/>
            <line number="237" hits="1"/>
            <line number="238" hits="1"/>
            <line number="240" hits="1"/>
            <line number="242" hits="1"/>
            <line number="243" hits="1"/>
            <line number="244" hits="1"/>
            <line number="245" hits="1"/>
            <line number="246" hits="1"/>
            <line number="248" hits="1"/>
            <line number="249" hits="1"/>
            <line number="250" hits="1"/>
            <line number="251" hits="1"/>
            <line number="254" hits="1"/>
            <line number="255" hits="1"/>
            <line number="256" hits="1"/>
            <line number="257" hits="1"/>
            <line number="258" hits="1"/>
            <line number="259" hits="1"/>
            <line number="260" hits="1"/>
            <line number="262" hits="1"/>
            <line number="263" hits="1"/>
            <line number="264" hits="1"/>
            <line number="265" hits="1"/>
            <line number="268" hits="1"/>
            <line number="269" hits="1"/>
            <line number="271" hits="1"/>
            <line number="272" hits="1"/>
            <line number="273" hits="1"/>
            <line number="274" hits="1"/>
            <line number="276" hits="1"/>
            <line number="277" hits="1"/>
            <line number="280" hits="1"/>
            <line number="282" hits="1"/>
            <line number="285" hits="1"/>
            <line number="289" hits="1"/>
            <line number="290" hits="1"/>
            <line number="292" hits="1"/>
            <line number="294" hits="1"/>
            <line number="295" hits="1"/>
            <line number="297" hits="1"/>
            <line number="298" hits="1"/>
            <line number="299" hits="1"/>
            <line number="300" hits="1"/>
            <line number="303" hits="0"/>
            <line number="304" hits="0"/>
            <line number="306" hits="0"/>
            <line number="309" hits="0"/>
            <line number="310" hits="0"/>
            <line number="311" hits="0"/>
            <line number="312" hits="0"/>
            <line number="313" hits="0"/>
            <line number="316" hits="0"/>
            <line number="318" hits="0"/>
            <line number="319" hits="0"/>
            <line number="321" hits="0"/>
            <line number="324" hits="0"/>
            <line number="325" hits="0"/>
            <line number="327" hits="0"/>
            <line number="338" hits="0"/>
            <line number="341" hits="0"/>
            <line number="345" hits="0"/>
            <line number="348" hits="0"/>
            <line number="352" hits="0"/>
            <line number="354" hits="0"/>
            <line number="356" hits="0"/>
            <line number="358" hits="0"/>
            <line number="360" hits="0"/>
            <line number="361" hits="0"/>
          </lines>
        </class>
        <class name="json.hpp" filename="Users\ashpynov\source\repos\ashpynov\AnyFSE\AnyFSE\src\Configuration\nlohmann\json.hpp" line-rate="0.42439243924392439" branch-rate="0" complexity="0">
          <methods/>
          <lines>
            <line number="3103" hits="1"/>
            <line number="3104" hits="1"/>
            <line number="3105" hits="1"/>
            <line number="3106" hits="1"/>
            <line number="3107" hits="0"/>
            <line number="3109" hits="0"/>
            <line number="3110" hits="1"/>
            <line number="3136" hits="1"/>
            <line number="3137" hits="1"/>
            <line number="3138" hits="1"/>
            <line number="3139" hits="1"/>
            <line number="3176" hits="0"/>
            <line number="3177" hits="0"/>
            <line number="3178" hits="0"/>
            <line number="4391" hits="0"/>
            <line number="4392" hits="0"/>
            <line number="4393" hits="0"/>
            <line number="4403" hits="0"/>
            <line number="4404" hits="0"/>
            <line number="4405" hits="0"/>
            <line number="4409" hits="0"/>
            <line number="4411" hits="0"/>
            <line number="4412" hits="0"/>
            <line number="4416" hits="0"/>
            <line number="4417" hits="0"/>
            <line number="4418" hits="0"/>
            <line number="4422" hits="0"/>
            <line number="4469" hits="0"/>
            <line number="4470" hits="0"/>
            <line number="4471" hits="0"/>
            <line number="4472" hits="0"/>
            <line number="4478" hits="0"/>
            <line number="4479" hits="0"/>
            <line number="4480" hits="0"/>
            <line number="4481" hits="0"/>
            <line number="4506" hits="0"/>
            <line number="4507" hits="0"/>
            <line number="4508" hits="0"/>
            <line number="4509" hits="0"/>
            <line number="4510" hits="0"/>
            <line number="4511" hits="0"/>
            <line number="4544" hits="0"/>
            <line number="4545" hits="0"/>
            <line number="4546" hits="0"/>
            <line number="4553" hits="0"/>
            <line number="4556" hits="0"/>
            <line number="4557" hits="0"/>
            <line number="4558" hits="0"/>
            <line number="4561" hits="0"/>
            <line number="4562" hits="0"/>
            <line number="4563" hits="0"/>
            <line number="4567" hits="0"/>
            <line number="4626" hits="0"/>
            <line number="4628" hits="0"/>
            <line number="4646" hits="0"/>
            <line number="4648" hits="0"/>
            <line number="4649" hits="0"/>
            <line number="4669" hits="0"/>
            <line number="4670" hits="0"/>
            <line number="4672" hits="0"/>
            <line number="4673" hits="0"/>
            <line number="4677" hits="0"/>
            <line number="4678" hits="0"/>
            <line number="4681" hits="0"/>
            <line number="4682" hits="0"/>
            <line number="4696" hits="0"/>
            <line number="4697" hits="0"/>
            <line number="4700" hits="0"/>
            <line number="4701" hits="0"/>
            <line number="4703" hits="0"/>
            <line number="4713" hits="0"/>
            <line number="4714" hits="0"/>
            <line number="4715" hits="0"/>
            <line number="4716" hits="0"/>
            <line number="4720" hits="0"/>
            <line number="4721" hits="0"/>
            <line number="4731" hits="0"/>
            <line number="4732" hits="0"/>
            <line number="4733" hits="0"/>
            <line number="4734" hits="0"/>
            <line number="4738" hits="0"/>
            <line number="4748" hits="0"/>
            <line number="4749" hits="0"/>
            <line number="4750" hits="0"/>
            <line number="4751" hits="0"/>
            <line number="4755" hits="0"/>
            <line number="4765" hits="0"/>
            <line number="4766" hits="0"/>
            <line number="4767" hits="0"/>
            <line number="4768" hits="0"/>
            <line number="4772" hits="0"/>
            <line number="4926" hits="1"/>
            <line number="4927" hits="1"/>
            <line number="4929" hits="0"/>
            <line number="4931" hits="1"/>
            <line number="4932" hits="1"/>
            <line number="4936" hits="1"/>
            <line number="4937" hits="1"/>
            <line number="4939" hits="0"/>
            <line number="4941" hits="1"/>
            <line number="4942" hits="1"/>
            <line number="5129" hits="1"/>
            <line number="5132" hits="1"/>
            <line number="5133" hits="1"/>
            <line number="5139" hits="0"/>
            <line number="5140" hits="0"/>
            <line number="5141" hits="1"/>
            <line number="5142" hits="1"/>
            <line number="5156" hits="1"/>
            <line number="5157" hits="1"/>
            <line number="5159" hits="0"/>
            <line number="5162" hits="1"/>
            <line number="5163" hits="1"/>
            <line number="5230" hits="1"/>
            <line number="5231" hits="1"/>
            <line number="5235" hits="1"/>
            <line number="5236" hits="1"/>
            <line number="5240" hits="1"/>
            <line number="5241" hits="1"/>
            <line number="5245" hits="0"/>
            <line number="5246" hits="0"/>
            <line number="5250" hits="0"/>
            <line number="5251" hits="0"/>
            <line number="5261" hits="0"/>
            <line number="5263" hits="1"/>
            <line number="5380" hits="1"/>
            <line number="5381" hits="1"/>
            <line number="5382" hits="1"/>
            <line number="5739" hits="1"/>
            <line number="5740" hits="1"/>
            <line number="5741" hits="1"/>
            <line number="5742" hits="1"/>
            <line number="5743" hits="1"/>
            <line number="5744" hits="1"/>
            <line number="5752" hits="1"/>
            <line number="5753" hits="1"/>
            <line number="5754" hits="1"/>
            <line number="5755" hits="1"/>
            <line number="5756" hits="1"/>
            <line number="5757" hits="1"/>
            <line number="5761" hits="1"/>
            <line number="5762" hits="1"/>
            <line number="5763" hits="1"/>
            <line number="5764" hits="1"/>
            <line number="5765" hits="1"/>
            <line number="5766" hits="1"/>
            <line number="5807" hits="0"/>
            <line number="5808" hits="0"/>
            <line number="5809" hits="0"/>
            <line number="5810" hits="0"/>
            <line number="5811" hits="0"/>
            <line number="5812" hits="0"/>
            <line number="5820" hits="1"/>
            <line number="5821" hits="1"/>
            <line number="5822" hits="1"/>
            <line number="5823" hits="1"/>
            <line number="5824" hits="1"/>
            <line number="5825" hits="1"/>
            <line number="5833" hits="1"/>
            <line number="5834" hits="1"/>
            <line number="5835" hits="1"/>
            <line number="5836" hits="1"/>
            <line number="5837" hits="1"/>
            <line number="5838" hits="1"/>
            <line number="5868" hits="1"/>
            <line number="5872" hits="1"/>
            <line number="5873" hits="1"/>
            <line number="5874" hits="1"/>
            <line number="5875" hits="1"/>
            <line number="5876" hits="1"/>
            <line number="5877" hits="1"/>
            <line number="5972" hits="1"/>
            <line number="5973" hits="1"/>
            <line number="5974" hits="1"/>
            <line number="5992" hits="1"/>
            <line number="5993" hits="1"/>
            <line number="5994" hits="1"/>
            <line number="5998" hits="1"/>
            <line number="5999" hits="1"/>
            <line number="6000" hits="1"/>
            <line number="6005" hits="0"/>
            <line number="6006" hits="0"/>
            <line number="6007" hits="0"/>
            <line number="6012" hits="1"/>
            <line number="6013" hits="1"/>
            <line number="6014" hits="1"/>
            <line number="6019" hits="1"/>
            <line number="6020" hits="1"/>
            <line number="6021" hits="1"/>
            <line number="6049" hits="1"/>
            <line number="6050" hits="1"/>
            <line number="6051" hits="1"/>
            <line number="6152" hits="1"/>
            <line number="6153" hits="1"/>
            <line number="6154" hits="1"/>
            <line number="6188" hits="1"/>
            <line number="6189" hits="1"/>
            <line number="6190" hits="1"/>
            <line number="6208" hits="1"/>
            <line number="6209" hits="1"/>
            <line number="6210" hits="1"/>
            <line number="6246" hits="0"/>
            <line number="6247" hits="0"/>
            <line number="6295" hits="0"/>
            <line number="6296" hits="0"/>
            <line number="6297" hits="0"/>
            <line number="6302" hits="0"/>
            <line number="6303" hits="0"/>
            <line number="6304" hits="0"/>
            <line number="6315" hits="0"/>
            <line number="6316" hits="0"/>
            <line number="6592" hits="1"/>
            <line number="6595" hits="1"/>
            <line number="6597" hits="1"/>
            <line number="6599" hits="1"/>
            <line number="6602" hits="1"/>
            <line number="6603" hits="1"/>
            <line number="6611" hits="1"/>
            <line number="6612" hits="1"/>
            <line number="6613" hits="1"/>
            <line number="6614" hits="1"/>
            <line number="6615" hits="1"/>
            <line number="6621" hits="1"/>
            <line number="6622" hits="1"/>
            <line number="6624" hits="1"/>
            <line number="6626" hits="1"/>
            <line number="6628" hits="1"/>
            <line number="6629" hits="1"/>
            <line number="6658" hits="1"/>
            <line number="6659" hits="1"/>
            <line number="6662" hits="1"/>
            <line number="6663" hits="1"/>
            <line number="6665" hits="1"/>
            <line number="6666" hits="1"/>
            <line number="6667" hits="1"/>
            <line number="6670" hits="1"/>
            <line number="6671" hits="1"/>
            <line number="6889" hits="1"/>
[...]
            <line number="72" hits="0"/>
            <line number="73" hits="0"/>
            <line number="77" hits="0"/>
            <line number="78" hits="0"/>
            <line number="80" hits="0"/>
            <line number="81" hits="0"/>
            <line number="84" hits="0"/>
            <line number="86" hits="0"/>
            <line number="88" hits="0"/>
            <line number="89" hits="0"/>
            <line number="92" hits="0"/>
            <line number="93" hits="0"/>
            <line number="94" hits="0"/>
            <line number="95" hits="0"/>
            <line number="98" hits="1"/>
            <line number="99" hits="1"/>
            <line number="100" hits="1"/>
          </lines>
        </class>
        <class name="Notification.cpp" filename="Users\ashpynov\source\repos\ashpynov\AnyFSE\AnyFSE\src\Tools\Notification.cpp" line-rate="0" branch-rate="0" complexity="0">
          <methods/>
          <lines>
            <line number="14" hits="0"/>
            <line number="15" hits="0"/>
            <line number="16" hits="0"/>
            <line number="19" hits="0"/>
            <line number="20" hits="0"/>
            <line number="22" hits="0"/>
            <line number="23" hits="0"/>
            <line number="24" hits="0"/>
            <line number="25" hits="0"/>
            <line number="26" hits="0"/>
            <line number="28" hits="0"/>
            <line number="29" hits="0"/>
            <line number="30" hits="0"/>
            <line number="31" hits="0"/>
            <line number="34" hits="0"/>
            <line number="35" hits="0"/>
            <line number="36" hits="0"/>
            <line number="37" hits="0"/>
            <line number="38" hits="0"/>
            <line number="39" hits="0"/>
            <line number="40" hits="0"/>
            <line number="41" hits="0"/>
            <line number="45" hits="0"/>
            <line number="46" hits="0"/>
            <line number="47" hits="0"/>
            <line number="48" hits="0"/>
            <line number="49" hits="0"/>
            <line number="50" hits="0"/>
            <line number="51" hits="0"/>
            <line number="52" hits="0"/>
            <line number="54" hits="0"/>
            <line number="57" hits="0"/>
            <line number="59" hits="0"/>
            <line number="60" hits="0"/>
            <line number="61" hits="0"/>
            <line number="62" hits="0"/>
            <line number="63" hits="0"/>
            <line number="64" hits="0"/>
            <line number="65" hits="0"/>
            <line number="66" hits="0"/>
            <line number="68" hits="0"/>
            <line number="70" hits="0"/>
            <line number="71" hits="0"/>
            <line number="73" hits="0"/>
            <line number="75" hits="0"/>
            <line number="76" hits="0"/>
            <line number="77" hits="0"/>
            <line number="80" hits="0"/>
            <line number="81" hits="0"/>
            <line number="82" hits="0"/>
            <line number="83" hits="0"/>
          </lines>
        </class>
        <class name="Packages.cpp" filename="Users\ashpynov\source\repos\ashpynov\AnyFSE\AnyFSE\src\Tools\Packages.cpp" line-rate="0.9375" branch-rate="0" complexity="0">
          <methods/>
          <lines>
            <line number="12" hits="1"/>
            <line number="13" hits="1"/>
            <line number="14" hits="1"/>
            <line number="17" hits="1"/>
            <line number="20" hits="1"/>
            <line number="27" hits="1"/>
            <line number="29" hits="1"/>
            <line number="30" hits="1"/>
            <line number="33" hits="1"/>
            <line number="40" hits="1"/>
            <line number="44" hits="1"/>
            <line number="46" hits="1"/>
            <line number="48" hits="1"/>
            <line number="51" hits="0"/>
            <line number="53" hits="1"/>
            <line number="54" hits="1"/>
          </lines>
        </class>
        <class name="Paths.cpp" filename="Users\ashpynov\source\repos\ashpynov\AnyFSE\AnyFSE\src\Tools\Paths.cpp" line-rate="1" branch-rate="0" complexity="0">
          <methods/>
          <lines>
            <line number="11" hits="1"/>
            <line number="12" hits="1"/>
            <line number="13" hits="1"/>
            <line number="16" hits="1"/>
            <line number="17" hits="1"/>
            <line number="18" hits="1"/>
            <line number="19" hits="1"/>
            <line number="20" hits="1"/>
            <line number="21" hits="1"/>
            <line number="24" hits="1"/>
            <line number="25" hits="1"/>
            <line number="26" hits="1"/>
            <line number="29" hits="1"/>
            <line number="30" hits="1"/>
            <line number="32" hits="1"/>
            <line number="33" hits="1"/>
            <line number="36" hits="1"/>
            <line number="37" hits="1"/>
            <line number="38" hits="1"/>
            <line number="39" hits="1"/>
            <line number="40" hits="1"/>
            <line number="43" hits="1"/>
            <line number="44" hits="1"/>
            <line number="45" hits="1"/>
            <line number="48" hits="1"/>
          </lines>
        </class>
        <class name="Process.cpp" filename="Users\ashpynov\source\repos\ashpynov\AnyFSE\AnyFSE\src\Tools\Process.cpp" line-rate="0.10795454545454546" branch-rate="0" complexity="0">
          <methods/>
          <lines>
            <line number="43" hits="1"/>
            <line number="46" hits="0"/>
            <line number="47" hits="0"/>
            <line number="49" hits="0"/>
            <line number="51" hits="0"/>
            <line number="54" hits="0"/>
            <line number="55" hits="0"/>
            <line number="56" hits="0"/>
            <line number="59" hits="0"/>
            <line number="60" hits="0"/>
            <line number="61" hits="0"/>
            <line number="63" hits="0"/>
            <line number="67" hits="0"/>
            <line number="69" hits="0"/>
            <line number="71" hits="0"/>
            <line number="72" hits="0"/>
            <line number="75" hits="0"/>
            <line number="76" hits="0"/>
            <line number="79" hits="0"/>
            <line number="81" hits="0"/>
            <line number="82" hits="0"/>
            <line number="83" hits="0"/>
            <line number="85" hits="0"/>
            <line number="87" hits="0"/>
            <line number="89" hits="0"/>
            <line number="91" hits="0"/>
            <line number="95" hits="0"/>
            <line number="96" hits="0"/>
            <line number="98" hits="0"/>
            <line number="100" hits="0"/>
            <line number="101" hits="0"/>
            <line number="103" hits="0"/>
            <line number="105" hits="0"/>
            <line number="106" hits="0"/>
            <line number="107" hits="0"/>
            <line number="110" hits="0"/>
            <line number="111" hits="0"/>
            <line number="112" hits="0"/>
            <line number="113" hits="0"/>
            <line number="115" hits="0"/>
            <line number="119" hits="0"/>
            <line number="121" hits="0"/>
            <line number="123" hits="0"/>
            <line number="124" hits="0"/>
            <line number="127" hits="0"/>
            <line number="128" hits="0"/>
            <line number="131" hits="0"/>
            <line number="133" hits="0"/>
            <line number="134" hits="0"/>
            <line number="135" hits="0"/>
            <line number="137" hits="0"/>
            <line number="139" hits="0"/>
            <line number="141" hits="0"/>
            <line number="143" hits="0"/>
            <line number="147" hits="0"/>
            <line number="148" hits="0"/>
            <line number="150" hits="0"/>
            <line number="152" hits="0"/>
            <line number="154" hits="0"/>
            <line number="156" hits="0"/>
            <line number="157" hits="0"/>
            <line number="158" hits="0"/>
            <line number="161" hits="1"/>
            <line number="162" hits="1"/>
            <line number="163" hits="1"/>
            <line number="164" hits="1"/>
            <line number="167" hits="0"/>
            <line number="168" hits="0"/>
            <line number="170" hits="0"/>
            <line number="173" hits="0"/>
            <line number="174" hits="0"/>
            <line number="175" hits="0"/>
            <line number="177" hits="0"/>
            <line number="178" hits="0"/>
            <line number="180" hits="0"/>
            <line number="184" hits="0"/>
            <line number="185" hits="0"/>
            <line number="187" hits="0"/>
            <line number="199" hits="0"/>
            <line number="200" hits="0"/>
            <line number="203" hits="0"/>
            <line number="206" hits="0"/>
            <line number="207" hits="0"/>
            <line number="209" hits="0"/>
            <line number="210" hits="0"/>
            <line number="225" hits="0"/>
            <line number="226" hits="0"/>
            <line number="229" hits="0"/>
            <line number="230" hits="0"/>
            <line number="232" hits="0"/>
            <line number="233" hits="0"/>
            <line number="234" hits="0"/>
            <line number="235" hits="0"/>
            <line number="236" hits="0"/>
            <line number="238" hits="0"/>
            <line number="241" hits="0"/>
            <line number="243" hits="0"/>
            <line number="245" hits="0"/>
            <line number="250" hits="0"/>
            <line number="252" hits="0"/>
            <line number="254" hits="0"/>
            <line number="257" hits="0"/>
            <line number="260" hits="0"/>
            <line number="262" hits="0"/>
            <line number="264" hits="0"/>
            <line number="266" hits="0"/>
            <line number="268" hits="0"/>
            <line number="270" hits="0"/>
            <line number="272" hits="0"/>
            <line number="275" hits="0"/>
            <line number="277" hits="0"/>
            <line number="278" hits="0"/>
            <line number="282" hits="0"/>
            <line number="284" hits="0"/>
            <line number="285" hits="0"/>
            <line number="289" hits="0"/>
            <line number="291" hits="0"/>
            <line number="292" hits="0"/>
            <line number="295" hits="0"/>
            <line number="297" hits="0"/>
            <line number="298" hits="0"/>
            <line number="299" hits="0"/>
            <line number="304" hits="0"/>
            <line number="305" hits="0"/>
            <line number="308" hits="0"/>
            <line number="309" hits="0"/>
            <line number="310" hits="0"/>
            <line number="313" hits="0"/>
            <line number="316" hits="0"/>
            <line number="317" hits="0"/>
            <line number="318" hits="0"/>
            <line number="320" hits="0"/>
            <line number="322" hits="0"/>
            <line number="323" hits="0"/>
            <line number="325" hits="0"/>
            <line number="327" hits="0"/>
            <line number="329" hits="0"/>
            <line number="332" hits="0"/>
            <line number="333" hits="0"/>
            <line number="335" hits="0"/>
            <line number="336" hits="0"/>
            <line number="338" hits="0"/>
            <line number="339" hits="0"/>
            <line number="341" hits="0"/>
            <line number="344" hits="0"/>
            <line number="345" hits="0"/>
            <line number="346" hits="0"/>
            <line number="347" hits="0"/>
            <line number="348" hits="0"/>
            <line number="349" hits="0"/>
            <line number="350" hits="0"/>
            <line number="351" hits="0"/>
            <line number="353" hits="0"/>
            <line number="354" hits="0"/>
            <line number="355" hits="0"/>
            <line number="358" hits="1"/>
            <line number="359" hits="1"/>
            <line number="361" hits="0"/>
            <line number="364" hits="1"/>
            <line number="366" hits="0"/>
            <line number="369" hits="1"/>
            <line number="371" hits="0"/>
            <line number="374" hits="1"/>
            <line number="375" hits="1"/>
            <line number="377" hits="1"/>
            <line number="379" hits="1"/>
            <line number="380" hits="1"/>
            <line number="381" hits="1"/>
            <line number="382" hits="1"/>
            <line number="385" hits="0"/>
            <line number="389" hits="1"/>
            <line number="392" hits="0"/>
            <line number="393" hits="0"/>
            <line number="394" hits="0"/>
            <line number="397" hits="1"/>
            <line number="398" hits="1"/>
          </lines>
        </class>
        <class name="Registry.cpp" filename="Users\ashpynov\source\repos\ashpynov\AnyFSE\AnyFSE\src\Tools\Registry.cpp" line-rate="0.63157894736842102" branch-rate="0" complexity="0">
          <methods/>
          <lines>
            <line number="33" hits="1"/>
            <line number="35" hits="1"/>
            <line number="36" hits="1"/>
            <line number="38" hits="0"/>
            <line number="39" hits="0"/>
            <line number="42" hits="1"/>
            <line number="43" hits="1"/>
            <line number="45" hits="1"/>
            <line number="46" hits="1"/>
            <line number="47" hits="1"/>
            <line number="48" hits="1"/>
            <line number="49" hits="1"/>
            <line number="50" hits="0"/>
            <line number="51" hits="1"/>
            <line number="52" hits="0"/>
            <line number="53" hits="1"/>
            <line number="54" hits="0"/>
            <line number="57" hits="1"/>
            <line number="58" hits="1"/>
            <line number="59" hits="1"/>
            <line number="64" hits="1"/>
            <line number="66" hits="1"/>
            <line number="67" hits="1"/>
            <line number="68" hits="1"/>
            <line number="70" hits="1"/>
            <line number="72" hits="1"/>
            <line number="74" hits="1"/>
            <line number="76" hits="1"/>
            <line number="77" hits="1"/>
            <line number="79" hits="1"/>
            <line number="81" hits="1"/>
            <line number="83" hits="1"/>
            <line number="85" hits="1"/>
            <line number="86" hits="1"/>
            <line number="91" hits="1"/>
            <line number="93" hits="1"/>
            <line number="94" hits="1"/>
            <line number="96" hits="1"/>
            <line number="97" hits="1"/>
            <line number="99" hits="1"/>
            <line number="101" hits="1"/>
            <line number="102" hits="1"/>
            <line number="104" hits="1"/>
            <line number="105" hits="1"/>
            <line number="110" hits="0"/>
            <line number="111" hits="0"/>
            <line number="112" hits="0"/>
            <line number="115" hits="1"/>
            <line number="116" hits="1"/>
            <line number="117" hits="1"/>
            <line number="120" hits="1"/>
            <line number="122" hits="1"/>
            <line number="123" hits="0"/>
            <line number="125" hits="1"/>
            <line number="128" hits="1"/>
            <line number="130" hits="1"/>
            <line number="131" hits="1"/>
            <line number="134" hits="1"/>
            <line number="135" hits="1"/>
            <line number="136" hits="1"/>
            <line number="139" hits="1"/>
            <line number="141" hits="1"/>
            <line number="142" hits="0"/>
            <line number="144" hits="1"/>
            <line number="146" hits="1"/>
            <line number="148" hits="1"/>
            <line number="149" hits="1"/>
            <line number="152" hits="1"/>
            <line number="153" hits="1"/>
            <line number="154" hits="1"/>
            <line number="157" hits="0"/>
            <line number="158" hits="0"/>
            <line number="159" hits="0"/>
            <line number="162" hits="0"/>
            <line number="164" hits="0"/>
            <line number="165" hits="0"/>
            <line number="167" hits="0"/>
            <line number="168" hits="0"/>
            <line number="170" hits="0"/>
            <line number="171" hits="0"/>
            <line number="174" hits="0"/>
            <line number="175" hits="0"/>
            <line number="176" hits="0"/>
            <line number="179" hits="0"/>
            <line number="180" hits="0"/>
            <line number="181" hits="0"/>
            <line number="183" hits="0"/>
            <line number="184" hits="0"/>
            <line number="186" hits="0"/>
            <line number="187" hits="0"/>
            <line number="190" hits="0"/>
            <line number="191" hits="0"/>
            <line number="192" hits="0"/>
            <line number="195" hits="0"/>
            <line number="196" hits="0"/>
          </lines>
        </class>
        <class name="Unicode.cpp" filename="Users\ashpynov\source\repos\ashpynov\AnyFSE\AnyFSE\src\Tools\Unicode.cpp" line-rate="1" branch-rate="0" complexity="0">
          <methods/>
          <lines>
            <line number="37" hits="1"/>
            <line number="38" hits="1"/>
            <line number="39" hits="1"/>
            <line number="41" hits="1"/>
            <line number="42" hits="1"/>
            <line number="43" hits="1"/>
            <line number="44" hits="1"/>
            <line number="45" hits="1"/>
            <line number="48" hits="1"/>
            <line number="49" hits="1"/>
            <line number="50" hits="1"/>
            <line number="52" hits="1"/>
            <line number="53" hits="1"/>
            <line number="54" hits="1"/>
            <line number="55" hits="1"/>
            <line number="56" hits="1"/>
            <line number="58" hits="1"/>
            <line number="59" hits="1"/>
            <line number="60" hits="1"/>
            <line number="61" hits="1"/>
            <line number="62" hits="1"/>
          </lines>
        </class>
        <class name="Window.cpp" filename="Users\ashpynov\source\repos\ashpynov\AnyFSE\AnyFSE\src\Tools\Window.cpp" line-rate="1" branch-rate="0" complexity="0">
          <methods/>
          <lines>
            <line number="39" hits="1"/>
            <line number="42" hits="1"/>
            <line number="43" hits="1"/>
            <line number="44" hits="1"/>
            <line number="45" hits="1"/>
            <line number="46" hits="1"/>
            <line number="49" hits="1"/>
            <line number="51" hits="1"/>
            <line number="52" hits="1"/>
            <line number="53" hits="1"/>
            <line number="54" hits="1"/>
            <line number="55" hits="1"/>
            <line number="58" hits="1"/>
            <line number="59" hits="1"/>
            <line number="60" hits="1"/>
            <line number="61" hits="1"/>
            <line number="64" hits="1"/>
            <line number="66" hits="1"/>
            <line number="68" hits="1"/>
            <line number="69" hits="1"/>
            <line number="72" hits="1"/>
            <line number="75" hits="1"/>
            <line number="78" hits="1"/>
            <line number="79" hits="1"/>
            <line number="81" hits="1"/>
            <line number="82" hits="1"/>
          </lines>
        </class>
      </classes>
    </package>
  </packages>
</coverage>
